<?xml version="1.0" encoding="UTF-8"?>
<!-- Generated by org.testng.reporters.JUnitXMLReporter -->
<testsuite hostname="MANUEL-PC" name="CategoriaWebDriverTest" tests="2" failures="0" timestamp="16 Jun 2017 18:01:42 GMT" time="50.368" errors="0">
  <testcase name="insertarCategoria_FlujoBasico" time="19.639" classname="pe.com.test.seleniumwd.CategoriaWebDriverTest"/>
  <testcase name="insertarCategoria_FlujoAlternativo" time="15.232" classname="pe.com.test.seleniumwd.CategoriaWebDriverTest"/>
</testsuite> <!-- CategoriaWebDriverTest -->
