<?xml version="1.0" encoding="UTF-8"?>
<testng-results skipped="0" failed="0" total="2" passed="2">
  <reporter-output>
  </reporter-output>
  <suite name="CategoriaSuite" duration-ms="50368" started-at="2017-06-16T18:00:51Z" finished-at="2017-06-16T18:01:42Z">
    <groups>
    </groups>
    <test name="CategoriaWebDriverTest" duration-ms="50368" started-at="2017-06-16T18:00:51Z" finished-at="2017-06-16T18:01:42Z">
      <class name="pe.com.test.seleniumwd.CategoriaWebDriverTest">
        <test-method status="PASS" signature="setUp()[pri:0, instance:pe.com.test.seleniumwd.CategoriaWebDriverTest@5e3a8624]" name="setUp" is-config="true" duration-ms="4101" started-at="2017-06-16T13:00:51Z" finished-at="2017-06-16T13:00:56Z">
          <reporter-output>
          </reporter-output>
        </test-method> <!-- setUp -->
        <test-method status="PASS" signature="insertarCategoria_FlujoBasico()[pri:0, instance:pe.com.test.seleniumwd.CategoriaWebDriverTest@5e3a8624]" name="insertarCategoria_FlujoBasico" duration-ms="19639" started-at="2017-06-16T13:00:56Z" finished-at="2017-06-16T13:01:15Z">
          <reporter-output>
          </reporter-output>
        </test-method> <!-- insertarCategoria_FlujoBasico -->
        <test-method status="PASS" signature="insertarCategoria_FlujoAlternativo()[pri:0, instance:pe.com.test.seleniumwd.CategoriaWebDriverTest@5e3a8624]" name="insertarCategoria_FlujoAlternativo" duration-ms="15232" started-at="2017-06-16T13:01:15Z" depends-on-methods="pe.com.test.seleniumwd.CategoriaWebDriverTest.insertarCategoria_FlujoBasico" finished-at="2017-06-16T13:01:30Z">
          <reporter-output>
          </reporter-output>
        </test-method> <!-- insertarCategoria_FlujoAlternativo -->
        <test-method status="PASS" signature="tearDown()[pri:0, instance:pe.com.test.seleniumwd.CategoriaWebDriverTest@5e3a8624]" name="tearDown" is-config="true" duration-ms="11375" started-at="2017-06-16T13:01:30Z" finished-at="2017-06-16T13:01:42Z">
          <reporter-output>
          </reporter-output>
        </test-method> <!-- tearDown -->
      </class> <!-- pe.com.test.seleniumwd.CategoriaWebDriverTest -->
    </test> <!-- CategoriaWebDriverTest -->
  </suite> <!-- CategoriaSuite -->
</testng-results>
